<?xml version="1.0" encoding="UTF-8"?>
<coverage generated="1636413112434" clover="3.2.0">
  <project timestamp="1636413112434" name="All files">
    <metrics statements="116" coveredstatements="115" conditionals="14" coveredconditionals="13" methods="54" coveredmethods="54" elements="184" coveredelements="182" complexity="0" loc="116" ncloc="116" packages="5" files="14" classes="14"/>
    <package name="src">
      <metrics statements="22" coveredstatements="22" conditionals="0" coveredconditionals="0" methods="13" coveredmethods="13"/>
      <file name="App.js" path="/home/tamy/Documents/avaliaçao_projetos/front-end/react_testing_library/sd-015-a-project-react-testing-library/src/App.js">
        <metrics statements="21" coveredstatements="21" conditionals="0" coveredconditionals="0" methods="13" coveredmethods="13"/>
        <line num="23" count="10" type="stmt"/>
        <line num="24" count="10" type="stmt"/>
        <line num="25" count="90" type="stmt"/>
        <line num="26" count="90" type="stmt"/>
        <line num="29" count="10" type="stmt"/>
        <line num="33" count="8" type="stmt"/>
        <line num="34" count="8" type="stmt"/>
        <line num="38" count="2" type="stmt"/>
        <line num="40" count="2" type="stmt"/>
        <line num="44" count="9" type="stmt"/>
        <line num="46" count="9" type="stmt"/>
        <line num="55" count="5" type="stmt"/>
        <line num="57" count="5" type="stmt"/>
        <line num="63" count="2" type="stmt"/>
        <line num="70" count="10" type="stmt"/>
        <line num="71" count="90" type="stmt"/>
        <line num="73" count="10" type="stmt"/>
        <line num="78" count="9" type="stmt"/>
        <line num="82" count="5" type="stmt"/>
        <line num="86" count="1" type="stmt"/>
        <line num="95" count="10" type="stmt"/>
      </file>
      <file name="data.js" path="/home/tamy/Documents/avaliaçao_projetos/front-end/react_testing_library/sd-015-a-project-react-testing-library/src/data.js">
        <metrics statements="1" coveredstatements="1" conditionals="0" coveredconditionals="0" methods="0" coveredmethods="0"/>
        <line num="1" count="4" type="stmt"/>
      </file>
    </package>
    <package name="src.components">
      <metrics statements="68" coveredstatements="68" conditionals="8" coveredconditionals="8" methods="32" coveredmethods="32"/>
      <file name="About.js" path="/home/tamy/Documents/avaliaçao_projetos/front-end/react_testing_library/sd-015-a-project-react-testing-library/src/components/About.js">
        <metrics statements="2" coveredstatements="2" conditionals="0" coveredconditionals="0" methods="1" coveredmethods="1"/>
        <line num="4" count="5" type="stmt"/>
        <line num="5" count="4" type="stmt"/>
      </file>
      <file name="Button.js" path="/home/tamy/Documents/avaliaçao_projetos/front-end/react_testing_library/sd-015-a-project-react-testing-library/src/components/Button.js">
        <metrics statements="4" coveredstatements="4" conditionals="0" coveredconditionals="0" methods="1" coveredmethods="1"/>
        <line num="6" count="5" type="stmt"/>
        <line num="13" count="468" type="stmt"/>
        <line num="24" count="5" type="stmt"/>
        <line num="32" count="5" type="stmt"/>
      </file>
      <file name="FavoritePokemons.js" path="/home/tamy/Documents/avaliaçao_projetos/front-end/react_testing_library/sd-015-a-project-react-testing-library/src/components/FavoritePokemons.js">
        <metrics statements="13" coveredstatements="13" conditionals="2" coveredconditionals="2" methods="5" coveredmethods="5"/>
        <line num="9" count="6" type="stmt"/>
        <line num="13" count="2" type="stmt"/>
        <line num="21" count="2" type="stmt"/>
        <line num="29" count="1" type="stmt"/>
        <line num="30" count="1" type="stmt"/>
        <line num="32" count="1" type="stmt"/>
        <line num="34" count="2" type="stmt"/>
        <line num="40" count="3" type="stmt"/>
        <line num="41" count="3" type="stmt"/>
        <line num="42" count="3" type="stmt"/>
        <line num="44" count="3" type="stmt"/>
        <line num="53" count="6" type="stmt"/>
        <line num="57" count="6" type="stmt"/>
      </file>
      <file name="NotFound.js" path="/home/tamy/Documents/avaliaçao_projetos/front-end/react_testing_library/sd-015-a-project-react-testing-library/src/components/NotFound.js">
        <metrics statements="2" coveredstatements="2" conditionals="0" coveredconditionals="0" methods="1" coveredmethods="1"/>
        <line num="4" count="6" type="stmt"/>
        <line num="5" count="3" type="stmt"/>
      </file>
      <file name="Pokedex.js" path="/home/tamy/Documents/avaliaçao_projetos/front-end/react_testing_library/sd-015-a-project-react-testing-library/src/components/Pokedex.js">
        <metrics statements="24" coveredstatements="24" conditionals="2" coveredconditionals="2" methods="14" coveredmethods="14"/>
        <line num="11" count="13" type="stmt"/>
        <line num="12" count="13" type="stmt"/>
        <line num="16" count="9" type="stmt"/>
        <line num="20" count="29" type="stmt"/>
        <line num="21" count="29" type="stmt"/>
        <line num="26" count="52" type="stmt"/>
        <line num="27" count="52" type="stmt"/>
        <line num="29" count="52" type="stmt"/>
        <line num="30" count="468" type="cond" truecount="2" falsecount="0"/>
        <line num="31" count="90" type="stmt"/>
        <line num="36" count="52" type="stmt"/>
        <line num="38" count="468" type="stmt"/>
        <line num="42" count="52" type="stmt"/>
        <line num="44" count="52" type="stmt"/>
        <line num="47" count="1" type="stmt"/>
        <line num="53" count="364" type="stmt"/>
        <line num="56" count="8" type="stmt"/>
        <line num="67" count="52" type="stmt"/>
        <line num="68" count="52" type="stmt"/>
        <line num="69" count="52" type="stmt"/>
        <line num="70" count="52" type="stmt"/>
        <line num="72" count="52" type="stmt"/>
        <line num="83" count="29" type="stmt"/>
        <line num="93" count="5" type="stmt"/>
      </file>
      <file name="Pokemon.js" path="/home/tamy/Documents/avaliaçao_projetos/front-end/react_testing_library/sd-015-a-project-react-testing-library/src/components/Pokemon.js">
        <metrics statements="6" coveredstatements="6" conditionals="4" coveredconditionals="4" methods="1" coveredmethods="1"/>
        <line num="9" count="6" type="stmt"/>
        <line num="10" count="63" type="stmt"/>
        <line num="11" count="63" type="stmt"/>
        <line num="13" count="63" type="stmt"/>
        <line num="35" count="6" type="stmt"/>
        <line num="41" count="6" type="stmt"/>
      </file>
      <file name="PokemonDetails.js" path="/home/tamy/Documents/avaliaçao_projetos/front-end/react_testing_library/sd-015-a-project-react-testing-library/src/components/PokemonDetails.js">
        <metrics statements="17" coveredstatements="17" conditionals="0" coveredconditionals="0" methods="9" coveredmethods="9"/>
        <line num="11" count="5" type="stmt"/>
        <line num="16" count="10" type="stmt"/>
        <line num="27" count="5" type="stmt"/>
        <line num="36" count="3" type="stmt"/>
        <line num="38" count="3" type="stmt"/>
        <line num="42" count="5" type="stmt"/>
        <line num="44" count="5" type="stmt"/>
        <line num="48" count="5" type="stmt"/>
        <line num="49" count="5" type="stmt"/>
        <line num="58" count="2" type="stmt"/>
        <line num="67" count="5" type="stmt"/>
        <line num="68" count="5" type="stmt"/>
        <line num="72" count="5" type="stmt"/>
        <line num="74" count="5" type="stmt"/>
        <line num="75" count="5" type="stmt"/>
        <line num="77" count="5" type="stmt"/>
        <line num="93" count="5" type="stmt"/>
      </file>
      <file name="index.js" path="/home/tamy/Documents/avaliaçao_projetos/front-end/react_testing_library/sd-015-a-project-react-testing-library/src/components/index.js">
        <metrics statements="0" coveredstatements="0" conditionals="0" coveredconditionals="0" methods="0" coveredmethods="0"/>
      </file>
    </package>
    <package name="src.services">
      <metrics statements="14" coveredstatements="14" conditionals="4" coveredconditionals="4" methods="6" coveredmethods="6"/>
      <file name="pokedexService.js" path="/home/tamy/Documents/avaliaçao_projetos/front-end/react_testing_library/sd-015-a-project-react-testing-library/src/services/pokedexService.js">
        <metrics statements="14" coveredstatements="14" conditionals="4" coveredconditionals="4" methods="6" coveredmethods="6"/>
        <line num="1" count="2" type="stmt"/>
        <line num="2" count="12" type="cond" truecount="2" falsecount="0"/>
        <line num="5" count="2" type="stmt"/>
        <line num="6" count="2" type="stmt"/>
        <line num="9" count="2" type="stmt"/>
        <line num="10" count="1" type="stmt"/>
        <line num="11" count="1" type="stmt"/>
        <line num="13" count="1" type="stmt"/>
        <line num="16" count="2" type="stmt"/>
        <line num="17" count="1" type="stmt"/>
        <line num="18" count="1" type="stmt"/>
        <line num="20" count="1" type="stmt"/>
        <line num="23" count="2" type="stmt"/>
        <line num="24" count="2" type="cond" truecount="2" falsecount="0"/>
      </file>
    </package>
    <package name="src.tests">
      <metrics statements="10" coveredstatements="9" conditionals="2" coveredconditionals="1" methods="3" coveredmethods="3"/>
      <file name="helper.js" path="/home/tamy/Documents/avaliaçao_projetos/front-end/react_testing_library/sd-015-a-project-react-testing-library/src/tests/helper.js">
        <metrics statements="7" coveredstatements="6" conditionals="2" coveredconditionals="1" methods="2" coveredmethods="2"/>
        <line num="5" count="7" type="stmt"/>
        <line num="6" count="7" type="stmt"/>
        <line num="7" count="7" type="stmt"/>
        <line num="8" count="7" type="stmt"/>
        <line num="11" count="7" type="cond" truecount="1" falsecount="1"/>
        <line num="12" count="7" type="stmt"/>
        <line num="14" count="0" type="stmt"/>
      </file>
      <file name="renderWithRouter.js" path="/home/tamy/Documents/avaliaçao_projetos/front-end/react_testing_library/sd-015-a-project-react-testing-library/src/tests/renderWithRouter.js">
        <metrics statements="3" coveredstatements="3" conditionals="0" coveredconditionals="0" methods="1" coveredmethods="1"/>
        <line num="6" count="7" type="stmt"/>
        <line num="7" count="24" type="stmt"/>
        <line num="8" count="24" type="stmt"/>
      </file>
    </package>
    <package name="src.types">
      <metrics statements="2" coveredstatements="2" conditionals="0" coveredconditionals="0" methods="0" coveredmethods="0"/>
      <file name="index.js" path="/home/tamy/Documents/avaliaçao_projetos/front-end/react_testing_library/sd-015-a-project-react-testing-library/src/types/index.js">
        <metrics statements="2" coveredstatements="2" conditionals="0" coveredconditionals="0" methods="0" coveredmethods="0"/>
        <line num="10" count="6" type="stmt"/>
        <line num="12" count="6" type="stmt"/>
      </file>
    </package>
  </project>
</coverage>
