TN:
SF:/home/tamy/Documents/avaliaçao_projetos/front-end/react_testing_library/sd-015-a-project-react-testing-library/src/App.js
FN:22,(anonymous_0)
FN:24,(anonymous_1)
FN:32,(anonymous_2)
FN:37,(anonymous_3)
FN:43,(anonymous_4)
FN:54,(anonymous_5)
FN:62,(anonymous_6)
FN:69,(anonymous_7)
FN:71,(anonymous_8)
FN:78,(anonymous_9)
FN:82,(anonymous_10)
FN:86,(anonymous_11)
FN:94,(anonymous_12)
FNF:13
FNH:13
FNDA:10,(anonymous_0)
FNDA:90,(anonymous_1)
FNDA:8,(anonymous_2)
FNDA:2,(anonymous_3)
FNDA:9,(anonymous_4)
FNDA:5,(anonymous_5)
FNDA:2,(anonymous_6)
FNDA:10,(anonymous_7)
FNDA:90,(anonymous_8)
FNDA:9,(anonymous_9)
FNDA:5,(anonymous_10)
FNDA:1,(anonymous_11)
FNDA:10,(anonymous_12)
DA:23,10
DA:24,10
DA:25,90
DA:26,90
DA:29,10
DA:33,8
DA:34,8
DA:38,2
DA:40,2
DA:44,9
DA:46,9
DA:55,5
DA:57,5
DA:63,2
DA:70,10
DA:71,90
DA:73,10
DA:78,9
DA:82,5
DA:86,1
DA:95,10
LF:21
LH:21
BRF:0
BRH:0
end_of_record
TN:
SF:/home/tamy/Documents/avaliaçao_projetos/front-end/react_testing_library/sd-015-a-project-react-testing-library/src/data.js
FNF:0
FNH:0
DA:1,4
LF:1
LH:1
BRF:0
BRH:0
end_of_record
TN:
SF:/home/tamy/Documents/avaliaçao_projetos/front-end/react_testing_library/sd-015-a-project-react-testing-library/src/components/About.js
FN:4,(anonymous_0)
FNF:1
FNH:1
FNDA:4,(anonymous_0)
DA:4,5
DA:5,4
LF:2
LH:2
BRF:0
BRH:0
end_of_record
TN:
SF:/home/tamy/Documents/avaliaçao_projetos/front-end/react_testing_library/sd-015-a-project-react-testing-library/src/components/Button.js
FN:6,(anonymous_0)
FNF:1
FNH:1
FNDA:468,(anonymous_0)
DA:6,5
DA:13,468
DA:24,5
DA:32,5
LF:4
LH:4
BRF:0
BRH:0
end_of_record
TN:
SF:/home/tamy/Documents/avaliaçao_projetos/front-end/react_testing_library/sd-015-a-project-react-testing-library/src/components/FavoritePokemons.js
FN:12,(anonymous_0)
FN:20,(anonymous_1)
FN:28,(anonymous_2)
FN:34,(anonymous_3)
FN:39,(anonymous_4)
FNF:5
FNH:5
FNDA:2,(anonymous_0)
FNDA:2,(anonymous_1)
FNDA:1,(anonymous_2)
FNDA:2,(anonymous_3)
FNDA:3,(anonymous_4)
DA:9,6
DA:13,2
DA:21,2
DA:29,1
DA:30,1
DA:32,1
DA:34,2
DA:40,3
DA:41,3
DA:42,3
DA:44,3
DA:53,6
DA:57,6
LF:13
LH:13
BRDA:47,0,0,2
BRDA:47,0,1,1
BRF:2
BRH:2
end_of_record
TN:
SF:/home/tamy/Documents/avaliaçao_projetos/front-end/react_testing_library/sd-015-a-project-react-testing-library/src/components/NotFound.js
FN:4,(anonymous_0)
FNF:1
FNH:1
FNDA:3,(anonymous_0)
DA:4,6
DA:5,3
LF:2
LH:2
BRF:0
BRH:0
end_of_record
TN:
SF:/home/tamy/Documents/avaliaçao_projetos/front-end/react_testing_library/sd-015-a-project-react-testing-library/src/components/Pokedex.js
FN:10,(anonymous_0)
FN:15,(anonymous_1)
FN:19,(anonymous_2)
FN:20,(anonymous_3)
FN:25,(anonymous_4)
FN:29,(anonymous_5)
FN:35,(anonymous_6)
FN:38,(anonymous_7)
FN:41,(anonymous_8)
FN:47,(anonymous_9)
FN:52,(anonymous_10)
FN:56,(anonymous_11)
FN:66,(anonymous_12)
FN:83,(anonymous_13)
FNF:14
FNH:14
FNDA:13,(anonymous_0)
FNDA:9,(anonymous_1)
FNDA:29,(anonymous_2)
FNDA:29,(anonymous_3)
FNDA:52,(anonymous_4)
FNDA:468,(anonymous_5)
FNDA:52,(anonymous_6)
FNDA:468,(anonymous_7)
FNDA:52,(anonymous_8)
FNDA:1,(anonymous_9)
FNDA:364,(anonymous_10)
FNDA:8,(anonymous_11)
FNDA:52,(anonymous_12)
FNDA:29,(anonymous_13)
DA:11,13
DA:12,13
DA:16,9
DA:20,29
DA:21,29
DA:26,52
DA:27,52
DA:29,52
DA:30,468
DA:31,90
DA:36,52
DA:38,468
DA:42,52
DA:44,52
DA:47,1
DA:53,364
DA:56,8
DA:67,52
DA:68,52
DA:69,52
DA:70,52
DA:72,52
DA:83,29
DA:93,5
LF:24
LH:24
BRDA:30,0,0,378
BRDA:30,0,1,90
BRF:2
BRH:2
end_of_record
TN:
SF:/home/tamy/Documents/avaliaçao_projetos/front-end/react_testing_library/sd-015-a-project-react-testing-library/src/components/Pokemon.js
FN:9,(anonymous_0)
FNF:1
FNH:1
FNDA:63,(anonymous_0)
DA:9,6
DA:10,63
DA:11,63
DA:13,63
DA:35,6
DA:41,6
LF:6
LH:6
BRDA:21,0,0,63
BRDA:21,0,1,58
BRDA:24,1,0,63
BRDA:24,1,1,4
BRF:4
BRH:4
end_of_record
TN:
SF:/home/tamy/Documents/avaliaçao_projetos/front-end/react_testing_library/sd-015-a-project-react-testing-library/src/components/PokemonDetails.js
FN:10,(anonymous_0)
FN:15,(anonymous_1)
FN:26,(anonymous_2)
FN:35,(anonymous_3)
FN:41,(anonymous_4)
FN:44,(anonymous_5)
FN:47,(anonymous_6)
FN:58,(anonymous_7)
FN:66,(anonymous_8)
FNF:9
FNH:9
FNDA:5,(anonymous_0)
FNDA:10,(anonymous_1)
FNDA:5,(anonymous_2)
FNDA:3,(anonymous_3)
FNDA:5,(anonymous_4)
FNDA:5,(anonymous_5)
FNDA:5,(anonymous_6)
FNDA:2,(anonymous_7)
FNDA:5,(anonymous_8)
DA:11,5
DA:16,10
DA:27,5
DA:36,3
DA:38,3
DA:42,5
DA:44,5
DA:48,5
DA:49,5
DA:58,2
DA:67,5
DA:68,5
DA:72,5
DA:74,5
DA:75,5
DA:77,5
DA:93,5
LF:17
LH:17
BRF:0
BRH:0
end_of_record
TN:
SF:/home/tamy/Documents/avaliaçao_projetos/front-end/react_testing_library/sd-015-a-project-react-testing-library/src/components/index.js
FNF:0
FNH:0
LF:0
LH:0
BRF:0
BRH:0
end_of_record
TN:
SF:/home/tamy/Documents/avaliaçao_projetos/front-end/react_testing_library/sd-015-a-project-react-testing-library/src/services/pokedexService.js
FN:1,(anonymous_0)
FN:5,(anonymous_1)
FN:9,(anonymous_2)
FN:16,(anonymous_3)
FN:18,(anonymous_4)
FN:23,(anonymous_5)
FNF:6
FNH:6
FNDA:12,(anonymous_0)
FNDA:2,(anonymous_1)
FNDA:1,(anonymous_2)
FNDA:1,(anonymous_3)
FNDA:1,(anonymous_4)
FNDA:2,(anonymous_5)
DA:1,2
DA:2,12
DA:5,2
DA:6,2
DA:9,2
DA:10,1
DA:11,1
DA:13,1
DA:16,2
DA:17,1
DA:18,1
DA:20,1
DA:23,2
DA:24,2
LF:14
LH:14
BRDA:2,0,0,12
BRDA:2,0,1,9
BRDA:24,1,0,1
BRDA:24,1,1,1
BRF:4
BRH:4
end_of_record
TN:
SF:/home/tamy/Documents/avaliaçao_projetos/front-end/react_testing_library/sd-015-a-project-react-testing-library/src/tests/helper.js
FN:4,checkPokemonsFilteredByType
FN:5,(anonymous_1)
FNF:2
FNH:2
FNDA:7,checkPokemonsFilteredByType
FNDA:7,(anonymous_1)
DA:5,7
DA:6,7
DA:7,7
DA:8,7
DA:11,7
DA:12,7
DA:14,0
LF:7
LH:6
BRDA:11,0,0,7
BRDA:11,0,1,0
BRF:2
BRH:1
end_of_record
TN:
SF:/home/tamy/Documents/avaliaçao_projetos/front-end/react_testing_library/sd-015-a-project-react-testing-library/src/tests/renderWithRouter.js
FN:6,(anonymous_0)
FNF:1
FNH:1
FNDA:24,(anonymous_0)
DA:6,7
DA:7,24
DA:8,24
LF:3
LH:3
BRF:0
BRH:0
end_of_record
TN:
SF:/home/tamy/Documents/avaliaçao_projetos/front-end/react_testing_library/sd-015-a-project-react-testing-library/src/types/index.js
FNF:0
FNH:0
DA:10,6
DA:12,6
LF:2
LH:2
BRF:0
BRH:0
end_of_record
